<?xml version="1.0" encoding="UTF-8"?>
<!-- Generated by org.testng.reporters.JUnitReportReporter -->
<testsuite hostname="DESKTOP-6SOFM8M" failures="0" tests="6" name="TestCases.TC002_addEmployee" time="35.015" errors="0" timestamp="2025-09-02T16:27:56 WIB" skipped="0">
  <testcase classname="TestCases.TC002_addEmployee" name="fillEmployeeData" time="11.737">
    <system-out>
      <![CDATA[Test for employee id 004]]>
    </system-out>
  </testcase> <!-- fillEmployeeData -->
  <testcase classname="TestCases.TC002_addEmployee" name="fillEmployeeData" time="11.530">
    <system-out>
      <![CDATA[Test for employee id 003]]>
    </system-out>
  </testcase> <!-- fillEmployeeData -->
  <testcase classname="TestCases.TC002_addEmployee" name="fillEmployeeData" time="11.500">
    <system-out>
      <![CDATA[Test for employee id 005]]>
    </system-out>
  </testcase> <!-- fillEmployeeData -->
  <testcase classname="TestCases.TC002_addEmployee" name="checkDatabase" time="0.005">
    <system-out>
      <![CDATA[Test for employee id 004]]>
    </system-out>
  </testcase> <!-- checkDatabase -->
  <testcase classname="TestCases.TC002_addEmployee" name="checkDatabase" time="0.003">
    <system-out>
      <![CDATA[Test for employee id 005]]>
    </system-out>
  </testcase> <!-- checkDatabase -->
  <testcase classname="TestCases.TC002_addEmployee" name="checkDatabase" time="0.240">
    <system-out>
      <![CDATA[Test for employee id 003]]>
    </system-out>
  </testcase> <!-- checkDatabase -->
  <system-out>
    <![CDATA[Test for employee id 003
Test for employee id 004
Test for employee id 005
Test for employee id 003
Test for employee id 004
Test for employee id 005]]>
  </system-out>
</testsuite> <!-- TestCases.TC002_addEmployee -->
