<?xml version="1.0" encoding="UTF-8"?>
<!-- Generated by org.testng.reporters.JUnitReportReporter -->
<testsuite hostname="DESKTOP-6SOFM8M" failures="0" tests="1" name="TestCases.TC003_addExistingEmployee" time="9.384" errors="0" timestamp="2025-09-02T16:27:56 WIB" skipped="0">
  <testcase classname="TestCases.TC003_addExistingEmployee" name="addExistingId" time="9.384"/>
  <system-out>
    <![CDATA[Test for employee id 003
Test for employee id 004
Test for employee id 005
Test for employee id 003
Test for employee id 004
Test for employee id 005]]>
  </system-out>
</testsuite> <!-- TestCases.TC003_addExistingEmployee -->
