<?xml version="1.0" encoding="UTF-8"?>
<!-- Generated by org.testng.reporters.JUnitReportReporter -->
<testsuite hostname="DESKTOP-6SOFM8M" failures="0" tests="1" name="TestCases.TC001_login" time="1.883" errors="0" timestamp="2025-09-02T16:56:59 WIB" skipped="0">
  <testcase classname="TestCases.TC001_login" name="login" time="1.883"/>
</testsuite> <!-- TestCases.TC001_login -->
