<?xml version="1.0" encoding="UTF-8"?>
<!-- Generated by org.testng.reporters.JUnitReportReporter -->
<testsuite hostname="DESKTOP-6SOFM8M" failures="0" tests="1" name="TestCases.TC001_login" time="1.865" errors="0" timestamp="2025-09-02T17:45:41 WIB" skipped="0">
  <testcase classname="TestCases.TC001_login" name="login" time="1.865"/>
  <system-out>
    <![CDATA[Test for employee id 003
Test for employee id 004
Test for employee id 005
Test for employee id 003
Test for employee id 004
Test for employee id 005]]>
  </system-out>
</testsuite> <!-- TestCases.TC001_login -->
